<?xml version="1.0" encoding="UTF-8"?>
<testsuite name="com.vehiclesim.vehiclesimserver.VehicleSimServerApplicationTests" tests="1" skipped="0" failures="0" errors="0" timestamp="2024-05-23T20:39:36" hostname="DESKTOP-IDC4P3M" time="0.575">
  <properties/>
  <testcase name="contextLoads()" classname="com.vehiclesim.vehiclesimserver.VehicleSimServerApplicationTests" time="0.575"/>
  <system-out><![CDATA[16:39:29.244 [Test worker] INFO org.springframework.test.context.support.AnnotationConfigContextLoaderUtils -- Could not detect default configuration classes for test class [com.vehiclesim.vehiclesimserver.VehicleSimServerApplicationTests]: VehicleSimServerApplicationTests does not declare any static, non-private, non-final, nested classes annotated with @Configuration.
16:39:29.317 [Test worker] INFO org.springframework.boot.test.context.SpringBootTestContextBootstrapper -- Found @SpringBootConfiguration com.vehiclesim.vehiclesimserver.VehicleSimServerApplication for test class com.vehiclesim.vehiclesimserver.VehicleSimServerApplicationTests

  .   ____          _            __ _ _
 /\\ / ___'_ __ _ _(_)_ __  __ _ \ \ \ \
( ( )\___ | '_ | '_| | '_ \/ _` | \ \ \ \
 \\/  ___)| |_)| | | | | || (_| |  ) ) ) )
  '  |____| .__|_| |_|_| |_\__, | / / / /
 =========|_|==============|___/=/_/_/_/
 :: Spring Boot ::                (v3.2.5)

2024-05-23T16:39:29.615-04:00  INFO 10780 --- [vehicle-sim-server] [    Test worker] c.v.v.VehicleSimServerApplicationTests   : Starting VehicleSimServerApplicationTests using Java 17.0.11 with PID 10780 (started by Stefan in D:\code\java\vehicle-sim-server)
2024-05-23T16:39:29.616-04:00  INFO 10780 --- [vehicle-sim-server] [    Test worker] c.v.v.VehicleSimServerApplicationTests   : No active profile set, falling back to 1 default profile: "default"
2024-05-23T16:39:30.282-04:00  INFO 10780 --- [vehicle-sim-server] [    Test worker] .s.d.r.c.RepositoryConfigurationDelegate : Bootstrapping Spring Data JDBC repositories in DEFAULT mode.
2024-05-23T16:39:30.323-04:00  INFO 10780 --- [vehicle-sim-server] [    Test worker] .s.d.r.c.RepositoryConfigurationDelegate : Finished Spring Data repository scanning in 37 ms. Found 1 JDBC repository interface.
2024-05-23T16:39:30.625-04:00  INFO 10780 --- [vehicle-sim-server] [    Test worker] com.zaxxer.hikari.HikariDataSource       : HikariPool-1 - Starting...
2024-05-23T16:39:34.893-04:00  INFO 10780 --- [vehicle-sim-server] [    Test worker] com.zaxxer.hikari.pool.HikariPool        : HikariPool-1 - Added connection conn1: url=jdbc:h2:file:~/vehicledb user=
2024-05-23T16:39:34.894-04:00  INFO 10780 --- [vehicle-sim-server] [    Test worker] com.zaxxer.hikari.HikariDataSource       : HikariPool-1 - Start completed.
2024-05-23T16:39:35.889-04:00  INFO 10780 --- [vehicle-sim-server] [    Test worker] o.s.b.a.e.web.EndpointLinksResolver      : Exposing 1 endpoint(s) beneath base path '/actuator'
2024-05-23T16:39:35.979-04:00  INFO 10780 --- [vehicle-sim-server] [    Test worker] c.v.v.VehicleSimServerApplicationTests   : Started VehicleSimServerApplicationTests in 6.534 seconds (process running for 7.46)
]]></system-out>
  <system-err><![CDATA[]]></system-err>
</testsuite>
